2025-12-12 17:39:29 - virtualhome_eval.evaluation.goal_interpretation.scripts.generate_prompts - CURRENT TASK IS Wash clothes!
2025-12-12 17:39:30 - virtualhome_eval.evaluation.goal_interpretation.scripts.generate_prompts - CURRENT TASK IS Turn on light!
2025-12-12 17:39:35 - virtualhome_eval.evaluation.goal_interpretation.scripts.generate_prompts - CURRENT TASK IS Brush teeth!
2025-12-12 17:39:35 - virtualhome_eval.evaluation.goal_interpretation.scripts.generate_prompts - CURRENT TASK IS Write an email!
2025-12-12 17:39:37 - virtualhome_eval.evaluation.goal_interpretation.scripts.generate_prompts - CURRENT TASK IS Put groceries in Fridge!
2025-12-12 17:39:38 - virtualhome_eval.evaluation.goal_interpretation.scripts.generate_prompts - CURRENT TASK IS Go to toilet!
2025-12-12 17:39:39 - virtualhome_eval.evaluation.goal_interpretation.scripts.generate_prompts - CURRENT TASK IS Change TV channel!
2025-12-12 17:39:39 - virtualhome_eval.evaluation.goal_interpretation.scripts.generate_prompts - CURRENT TASK IS Work!
2025-12-12 17:39:44 - virtualhome_eval.evaluation.goal_interpretation.scripts.generate_prompts - CURRENT TASK IS Wash dishes with dishwasher!
2025-12-12 17:39:46 - virtualhome_eval.evaluation.goal_interpretation.scripts.generate_prompts - CURRENT TASK IS Go to sleep!
2025-12-12 17:39:46 - virtualhome_eval.evaluation.goal_interpretation.scripts.generate_prompts - CURRENT TASK IS Wash hands!
2025-12-12 17:39:49 - virtualhome_eval.evaluation.goal_interpretation.scripts.generate_prompts - CURRENT TASK IS Pet cat!
2025-12-12 17:39:53 - virtualhome_eval.evaluation.goal_interpretation.scripts.generate_prompts - CURRENT TASK IS Browse internet!
2025-12-12 17:39:53 - virtualhome_eval.evaluation.goal_interpretation.scripts.generate_prompts - CURRENT TASK IS Wash teeth!
2025-12-12 17:39:54 - virtualhome_eval.evaluation.goal_interpretation.scripts.generate_prompts - CURRENT TASK IS Listen to music!
2025-12-12 17:39:57 - virtualhome_eval.evaluation.goal_interpretation.scripts.generate_prompts - CURRENT TASK IS Watch TV!
2025-12-12 17:40:00 - virtualhome_eval.evaluation.goal_interpretation.scripts.generate_prompts - CURRENT TASK IS Drink!
2025-12-12 17:40:03 - virtualhome_eval.evaluation.goal_interpretation.scripts.generate_prompts - CURRENT TASK IS Read book!
2025-12-12 17:40:06 - virtualhome_eval.evaluation.goal_interpretation.scripts.generate_prompts - CURRENT TASK IS Cook some food!
2025-12-12 17:40:07 - virtualhome_eval.evaluation.goal_interpretation.scripts.generate_prompts - CURRENT TASK IS Relax on sofa!
2025-12-12 17:40:12 - virtualhome_eval.evaluation.goal_interpretation.scripts.generate_prompts - CURRENT TASK IS Pick up phone!
2025-12-12 17:40:15 - virtualhome_eval.evaluation.goal_interpretation.scripts.generate_prompts - CURRENT TASK IS Make coffee!
2025-12-12 17:40:16 - virtualhome_eval.evaluation.goal_interpretation.scripts.generate_prompts - CURRENT TASK IS Set up table!
2025-12-12 17:40:17 - virtualhome_eval.evaluation.goal_interpretation.scripts.generate_prompts - CURRENT TASK IS Get some water!
2025-12-12 17:40:17 - virtualhome_eval.evaluation.goal_interpretation.scripts.generate_prompts - CURRENT TASK IS Take shower!
2025-12-12 17:40:17 - virtualhome_eval.evaluation.goal_interpretation.scripts.generate_prompts - CURRENT TASK IS Wash dishes by hand!
