2026-01-03 21:58:40 - virtualhome_eval.simulation.evolving_graph.eval_utils - CURRENT TASK IS Wash clothes!
2026-01-03 21:58:41 - virtualhome_eval.simulation.evolving_graph.eval_utils - CURRENT TASK IS Turn on light!
2026-01-03 21:58:49 - virtualhome_eval.simulation.evolving_graph.eval_utils - CURRENT TASK IS Brush teeth!
2026-01-03 21:58:49 - virtualhome_eval.simulation.evolving_graph.eval_utils - CURRENT TASK IS Write an email!
2026-01-03 21:58:52 - virtualhome_eval.simulation.evolving_graph.eval_utils - CURRENT TASK IS Put groceries in Fridge!
2026-01-03 21:58:53 - virtualhome_eval.simulation.evolving_graph.eval_utils - CURRENT TASK IS Go to toilet!
2026-01-03 21:58:55 - virtualhome_eval.simulation.evolving_graph.eval_utils - CURRENT TASK IS Change TV channel!
2026-01-03 21:58:55 - virtualhome_eval.simulation.evolving_graph.eval_utils - CURRENT TASK IS Work!
2026-01-03 21:59:02 - virtualhome_eval.simulation.evolving_graph.eval_utils - CURRENT TASK IS Wash dishes with dishwasher!
2026-01-03 21:59:05 - virtualhome_eval.simulation.evolving_graph.eval_utils - CURRENT TASK IS Go to sleep!
2026-01-03 21:59:07 - virtualhome_eval.simulation.evolving_graph.eval_utils - CURRENT TASK IS Wash hands!
2026-01-03 21:59:11 - virtualhome_eval.simulation.evolving_graph.eval_utils - CURRENT TASK IS Pet cat!
2026-01-03 21:59:16 - virtualhome_eval.simulation.evolving_graph.eval_utils - CURRENT TASK IS Browse internet!
2026-01-03 21:59:17 - virtualhome_eval.simulation.evolving_graph.eval_utils - CURRENT TASK IS Wash teeth!
2026-01-03 21:59:18 - virtualhome_eval.simulation.evolving_graph.eval_utils - CURRENT TASK IS Listen to music!
2026-01-03 21:59:23 - virtualhome_eval.simulation.evolving_graph.eval_utils - CURRENT TASK IS Watch TV!
2026-01-03 21:59:28 - virtualhome_eval.simulation.evolving_graph.eval_utils - CURRENT TASK IS Drink!
2026-01-03 21:59:33 - virtualhome_eval.simulation.evolving_graph.eval_utils - CURRENT TASK IS Read book!
2026-01-03 21:59:38 - virtualhome_eval.simulation.evolving_graph.eval_utils - CURRENT TASK IS Cook some food!
2026-01-03 21:59:39 - virtualhome_eval.simulation.evolving_graph.eval_utils - CURRENT TASK IS Relax on sofa!
2026-01-03 21:59:47 - virtualhome_eval.simulation.evolving_graph.eval_utils - CURRENT TASK IS Pick up phone!
2026-01-03 21:59:53 - virtualhome_eval.simulation.evolving_graph.eval_utils - CURRENT TASK IS Make coffee!
2026-01-03 21:59:54 - virtualhome_eval.simulation.evolving_graph.eval_utils - CURRENT TASK IS Set up table!
2026-01-03 21:59:55 - virtualhome_eval.simulation.evolving_graph.eval_utils - CURRENT TASK IS Get some water!
2026-01-03 21:59:55 - virtualhome_eval.simulation.evolving_graph.eval_utils - CURRENT TASK IS Take shower!
2026-01-03 21:59:56 - virtualhome_eval.simulation.evolving_graph.eval_utils - CURRENT TASK IS Wash dishes by hand!
