2026-01-10 23:49:39 - virtualhome_eval.evaluation.transition_modeling.scripts.generate_prompts - task name is Wash clothes
2026-01-10 23:49:39 - virtualhome_eval.evaluation.transition_modeling.scripts.generate_prompts - task name is Turn on light
2026-01-10 23:49:39 - virtualhome_eval.evaluation.transition_modeling.scripts.generate_prompts - task name is Brush teeth
2026-01-10 23:49:39 - virtualhome_eval.evaluation.transition_modeling.scripts.generate_prompts - task name is Put groceries in Fridge
2026-01-10 23:49:39 - virtualhome_eval.evaluation.transition_modeling.scripts.generate_prompts - task name is Go to toilet
2026-01-10 23:49:39 - virtualhome_eval.evaluation.transition_modeling.scripts.generate_prompts - task name is Change TV channel
2026-01-10 23:49:39 - virtualhome_eval.evaluation.transition_modeling.scripts.generate_prompts - task name is Work
2026-01-10 23:49:39 - virtualhome_eval.evaluation.transition_modeling.scripts.generate_prompts - task name is Wash dishes with dishwasher
2026-01-10 23:49:39 - virtualhome_eval.evaluation.transition_modeling.scripts.generate_prompts - task name is Go to sleep
2026-01-10 23:49:39 - virtualhome_eval.evaluation.transition_modeling.scripts.generate_prompts - task name is Pet cat
2026-01-10 23:49:39 - virtualhome_eval.evaluation.transition_modeling.scripts.generate_prompts - task name is Browse internet
2026-01-10 23:49:39 - virtualhome_eval.evaluation.transition_modeling.scripts.generate_prompts - task name is Wash teeth
2026-01-10 23:49:39 - virtualhome_eval.evaluation.transition_modeling.scripts.generate_prompts - task name is Listen to music
2026-01-10 23:49:39 - virtualhome_eval.evaluation.transition_modeling.scripts.generate_prompts - task name is Watch TV
2026-01-10 23:49:39 - virtualhome_eval.evaluation.transition_modeling.scripts.generate_prompts - task name is Drink
2026-01-10 23:49:39 - virtualhome_eval.evaluation.transition_modeling.scripts.generate_prompts - task name is Read book
2026-01-10 23:49:39 - virtualhome_eval.evaluation.transition_modeling.scripts.generate_prompts - task name is Cook some food
2026-01-10 23:49:39 - virtualhome_eval.evaluation.transition_modeling.scripts.generate_prompts - task name is Relax on sofa
2026-01-10 23:49:39 - virtualhome_eval.evaluation.transition_modeling.scripts.generate_prompts - task name is Pick up phone
2026-01-10 23:49:39 - virtualhome_eval.evaluation.transition_modeling.scripts.generate_prompts - task name is Make coffee
2026-01-10 23:49:39 - virtualhome_eval.evaluation.transition_modeling.scripts.generate_prompts - task name is Set up table
2026-01-10 23:49:39 - virtualhome_eval.evaluation.transition_modeling.scripts.generate_prompts - task name is Get some water
2026-01-10 23:49:39 - virtualhome_eval.evaluation.transition_modeling.scripts.generate_prompts - task name is Take shower
